<?xml version="1.0" encoding="UTF-8"?>
<!-- Generated by org.testng.reporters.JUnitXMLReporter -->
<testsuite hostname="udkihema" ignored="3" name="Default test" tests="5" failures="0" timestamp="2022-07-18T19:32:17 IST" time="45.038" errors="0">
  <testcase name="colse" time="2.464" classname="testNG.TestNG"/>
  <testcase name="enter" time="7.257" classname="testNG.TestNG"/>
  <testcase name="windowswitching" time="0.02" classname="testNG.TestNG"/>
  <testcase name="method7" time="3.548" classname="testNG.TestNG"/>
  <testcase name="method8" time="5.197" classname="testNG.TestNG"/>
  <testcase name="method4" time="0.0" classname="testNG.TestNG">
    <ignored/>
  </testcase> <!-- method4 -->
  <testcase name="method5" time="0.0" classname="testNG.TestNG">
    <ignored/>
  </testcase> <!-- method5 -->
  <testcase name="method6" time="0.0" classname="testNG.TestNG">
    <ignored/>
  </testcase> <!-- method6 -->
</testsuite> <!-- Default test -->
